[INFO] Scanning for projects...
[INFO] 
[INFO] --------------------------< com.example:demo >--------------------------
[INFO] Building demo 0.0.1-SNAPSHOT
[INFO]   from pom.xml
[INFO] --------------------------------[ jar ]---------------------------------
[INFO] 
[INFO] >>> spring-boot:3.5.9:run (default-cli) > test-compile @ demo >>>
[INFO] 
[INFO] --- resources:3.3.1:resources (default-resources) @ demo ---
[INFO] Copying 1 resource from src/main/resources to target/classes
[INFO] Copying 0 resource from src/main/resources to target/classes
[INFO] 
[INFO] --- compiler:3.14.1:compile (default-compile) @ demo ---
[INFO] Nothing to compile - all classes are up to date.
[INFO] 
[INFO] --- resources:3.3.1:testResources (default-testResources) @ demo ---
[INFO] skip non existing resourceDirectory /Users/nusrat_bably/Desktop/BiblioTheca/springboot/demo/src/test/resources
[INFO] 
[INFO] --- compiler:3.14.1:testCompile (default-testCompile) @ demo ---
[INFO] Nothing to compile - all classes are up to date.
[INFO] 
[INFO] <<< spring-boot:3.5.9:run (default-cli) < test-compile @ demo <<<
[INFO] 
[INFO] 
[INFO] --- spring-boot:3.5.9:run (default-cli) @ demo ---
[INFO] Attaching agents: []

  .   ____          _            __ _ _
 /\\ / ___'_ __ _ _(_)_ __  __ _ \ \ \ \
( ( )\___ | '_ | '_| | '_ \/ _` | \ \ \ \
 \\/  ___)| |_)| | | | | || (_| |  ) ) ) )
  '  |____| .__|_| |_|_| |_\__, | / / / /
 =========|_|==============|___/=/_/_/_/

 :: Spring Boot ::                (v3.5.9)

2026-01-27T00:50:44.476+06:00  INFO 87446 --- [demo] [  restartedMain] com.example.demo.DemoApplication         : Starting DemoApplication using Java 25.0.1 with PID 87446 (/Users/nusrat_bably/Desktop/BiblioTheca/springboot/demo/target/classes started by nusrat_bably in /Users/nusrat_bably/Desktop/BiblioTheca/springboot/demo)
2026-01-27T00:50:44.480+06:00  INFO 87446 --- [demo] [  restartedMain] com.example.demo.DemoApplication         : No active profile set, falling back to 1 default profile: "default"
2026-01-27T00:50:44.764+06:00  INFO 87446 --- [demo] [  restartedMain] .e.DevToolsPropertyDefaultsPostProcessor : Devtools property defaults active! Set 'spring.devtools.add-properties' to 'false' to disable
2026-01-27T00:50:44.764+06:00  INFO 87446 --- [demo] [  restartedMain] .e.DevToolsPropertyDefaultsPostProcessor : For additional web related logging consider setting the 'logging.level.web' property to 'DEBUG'
2026-01-27T00:50:46.662+06:00  INFO 87446 --- [demo] [  restartedMain] .s.d.r.c.RepositoryConfigurationDelegate : Bootstrapping Spring Data JPA repositories in DEFAULT mode.
2026-01-27T00:50:47.415+06:00  INFO 87446 --- [demo] [  restartedMain] .s.d.r.c.RepositoryConfigurationDelegate : Finished Spring Data repository scanning in 721 ms. Found 2 JPA repository interfaces.
2026-01-27T00:50:50.020+06:00  INFO 87446 --- [demo] [  restartedMain] o.s.b.w.embedded.tomcat.TomcatWebServer  : Tomcat initialized with port 8080 (http)
2026-01-27T00:50:50.072+06:00  INFO 87446 --- [demo] [  restartedMain] o.apache.catalina.core.StandardService   : Starting service [Tomcat]
2026-01-27T00:50:50.072+06:00  INFO 87446 --- [demo] [  restartedMain] o.apache.catalina.core.StandardEngine    : Starting Servlet engine: [Apache Tomcat/10.1.50]
2026-01-27T00:50:50.394+06:00  INFO 87446 --- [demo] [  restartedMain] o.a.c.c.C.[Tomcat].[localhost].[/]       : Initializing Spring embedded WebApplicationContext
2026-01-27T00:50:50.395+06:00  INFO 87446 --- [demo] [  restartedMain] w.s.c.ServletWebServerApplicationContext : Root WebApplicationContext: initialization completed in 5628 ms
2026-01-27T00:50:50.960+06:00  INFO 87446 --- [demo] [  restartedMain] o.hibernate.jpa.internal.util.LogHelper  : HHH000204: Processing PersistenceUnitInfo [name: default]
2026-01-27T00:50:51.197+06:00  INFO 87446 --- [demo] [  restartedMain] org.hibernate.Version                    : HHH000412: Hibernate ORM core version 6.6.39.Final
2026-01-27T00:50:51.351+06:00  INFO 87446 --- [demo] [  restartedMain] o.h.c.internal.RegionFactoryInitiator    : HHH000026: Second-level cache disabled
2026-01-27T00:50:52.958+06:00  INFO 87446 --- [demo] [  restartedMain] o.s.o.j.p.SpringPersistenceUnitInfo      : No LoadTimeWeaver setup: ignoring JPA class transformer
2026-01-27T00:50:53.052+06:00  INFO 87446 --- [demo] [  restartedMain] com.zaxxer.hikari.HikariDataSource       : HikariPool-1 - Starting...
2026-01-27T00:50:53.762+06:00  INFO 87446 --- [demo] [  restartedMain] com.zaxxer.hikari.pool.HikariPool        : HikariPool-1 - Added connection conn0: url=jdbc:h2:file:./data/bibliothecaDB user=SA
2026-01-27T00:50:53.764+06:00  INFO 87446 --- [demo] [  restartedMain] com.zaxxer.hikari.HikariDataSource       : HikariPool-1 - Start completed.
2026-01-27T00:50:53.838+06:00  WARN 87446 --- [demo] [  restartedMain] org.hibernate.orm.deprecation            : HHH90000025: H2Dialect does not need to be specified explicitly using 'hibernate.dialect' (remove the property setting and it will be selected by default)
2026-01-27T00:50:53.905+06:00  INFO 87446 --- [demo] [  restartedMain] org.hibernate.orm.connections.pooling    : HHH10001005: Database info:
	Database JDBC URL [Connecting through datasource 'HikariDataSource (HikariPool-1)']
	Database driver: undefined/unknown
	Database version: 2.3.232
	Autocommit mode: undefined/unknown
	Isolation level: undefined/unknown
	Minimum pool size: undefined/unknown
	Maximum pool size: undefined/unknown
2026-01-27T00:50:56.907+06:00  INFO 87446 --- [demo] [  restartedMain] o.h.e.t.j.p.i.JtaPlatformInitiator       : HHH000489: No JTA platform available (set 'hibernate.transaction.jta.platform' to enable JTA platform integration)
2026-01-27T00:50:57.179+06:00  INFO 87446 --- [demo] [  restartedMain] j.LocalContainerEntityManagerFactoryBean : Initialized JPA EntityManagerFactory for persistence unit 'default'
WARNING: A terminally deprecated method in sun.misc.Unsafe has been called
WARNING: sun.misc.Unsafe::allocateMemory has been called by io.netty.util.internal.PlatformDependent0$2 (file:/Users/nusrat_bably/.m2/repository/io/netty/netty-common/4.1.130.Final/netty-common-4.1.130.Final.jar)
WARNING: Please consider reporting this to the maintainers of class io.netty.util.internal.PlatformDependent0$2
WARNING: sun.misc.Unsafe::allocateMemory will be removed in a future release
WARNING: A restricted method in java.lang.System has been called
WARNING: java.lang.System::loadLibrary has been called by io.netty.util.internal.NativeLibraryUtil in an unnamed module (file:/Users/nusrat_bably/.m2/repository/io/netty/netty-common/4.1.130.Final/netty-common-4.1.130.Final.jar)
WARNING: Use --enable-native-access=ALL-UNNAMED to avoid a warning for callers in this module
WARNING: Restricted methods will be blocked in a future release unless native access is enabled

2026-01-27T00:51:02.999+06:00  WARN 87446 --- [demo] [  restartedMain] JpaBaseConfiguration$JpaWebConfiguration : spring.jpa.open-in-view is enabled by default. Therefore, database queries may be performed during view rendering. Explicitly configure spring.jpa.open-in-view to disable this warning
2026-01-27T00:51:04.129+06:00  INFO 87446 --- [demo] [  restartedMain] o.s.b.a.h2.H2ConsoleAutoConfiguration    : H2 console available at '/h2-console'. Database available at 'jdbc:h2:file:./data/bibliothecaDB'
2026-01-27T00:51:04.314+06:00  INFO 87446 --- [demo] [  restartedMain] o.s.b.d.a.OptionalLiveReloadServer       : LiveReload server is running on port 35729
2026-01-27T00:51:04.458+06:00  INFO 87446 --- [demo] [  restartedMain] o.s.b.w.embedded.tomcat.TomcatWebServer  : Tomcat started on port 8080 (http) with context path '/'
2026-01-27T00:51:04.513+06:00  INFO 87446 --- [demo] [  restartedMain] com.example.demo.DemoApplication         : Started DemoApplication in 21.357 seconds (process running for 24.626)
Hibernate: select count(*) from books b1_0
ℹ️ Database already contains data. Skipping initialization.
2026-01-27T00:51:35.933+06:00  INFO 87446 --- [demo] [nio-8080-exec-1] o.a.c.c.C.[Tomcat].[localhost].[/]       : Initializing Spring DispatcherServlet 'dispatcherServlet'
2026-01-27T00:51:35.934+06:00  INFO 87446 --- [demo] [nio-8080-exec-1] o.s.web.servlet.DispatcherServlet        : Initializing Servlet 'dispatcherServlet'
2026-01-27T00:51:35.945+06:00  INFO 87446 --- [demo] [nio-8080-exec-1] o.s.web.servlet.DispatcherServlet        : Completed initialization in 11 ms
Hibernate: select p1_0.id,p1_0.email,p1_0.knowledge_points,p1_0.last_regeneration_time,p1_0.password,p1_0.username from players p1_0 where p1_0.id=?
Hibernate: select ub1_0.player_id,ub1_0.book_id from player_unlocked_books ub1_0 where ub1_0.player_id=?
Hibernate: select b1_0.id,b1_0.author,b1_0.category,b1_0.description,b1_0.is_corrupted,b1_0.isbn,b1_0.title from books b1_0
Hibernate: select b1_0.id,b1_0.author,b1_0.category,b1_0.description,b1_0.is_corrupted,b1_0.isbn,b1_0.title from books b1_0
Hibernate: select b1_0.id,b1_0.author,b1_0.category,b1_0.description,b1_0.is_corrupted,b1_0.isbn,b1_0.title from books b1_0
Hibernate: select b1_0.id,b1_0.author,b1_0.category,b1_0.description,b1_0.is_corrupted,b1_0.isbn,b1_0.title from books b1_0
2026-01-27T00:54:40.088+06:00  INFO 87446 --- [demo] [ionShutdownHook] o.s.b.w.e.tomcat.GracefulShutdown        : Commencing graceful shutdown. Waiting for active requests to complete
2026-01-27T00:54:40.121+06:00  INFO 87446 --- [demo] [tomcat-shutdown] o.s.b.w.e.tomcat.GracefulShutdown        : Graceful shutdown complete
2026-01-27T00:54:40.192+06:00  INFO 87446 --- [demo] [ionShutdownHook] j.LocalContainerEntityManagerFactoryBean : Closing JPA EntityManagerFactory for persistence unit 'default'
2026-01-27T00:54:40.206+06:00  INFO 87446 --- [demo] [ionShutdownHook] com.zaxxer.hikari.HikariDataSource       : HikariPool-1 - Shutdown initiated...
2026-01-27T00:54:40.423+06:00  INFO 87446 --- [demo] [ionShutdownHook] com.zaxxer.hikari.HikariDataSource       : HikariPool-1 - Shutdown completed.
